DEBUG:root:Add:13+11=24
DEBUG:root:sub:13-11=2
DEBUG:root:pro:13*11=143
DEBUG:root:div:13/11=1.1818181818181819
DEBUG:root:Add:13+11=24
DEBUG:root:sub:13-11=2
DEBUG:root:pro:13*11=143
DEBUG:root:div:13/11=1.1818181818181819
DEBUG:root:Add:13+11=24
DEBUG:root:sub:13-11=2
DEBUG:root:pro:13*11=143
DEBUG:root:div:13/11=1.1818181818181819
DEBUG:root:Add:13+11=24
DEBUG:root:sub:13-11=2
DEBUG:root:pro:13*11=143
DEBUG:root:div:13/11=1.1818181818181819
DEBUG:root:Add:13+11=24
DEBUG:root:sub:13-11=2
DEBUG:root:pro:13*11=143
DEBUG:root:div:13/11=1.1818181818181819
DEBUG:root:Add:13+11=24
DEBUG:root:sub:13-11=2
DEBUG:root:pro:13*11=143
DEBUG:root:div:13/11=1.1818181818181819
DEBUG:root:Add:13+11=24
DEBUG:root:sub:13-11=2
DEBUG:root:pro:13*11=143
DEBUG:root:div:13/11=1.1818181818181819
DEBUG:root:Add:13+11=24
DEBUG:root:sub:13-11=2
DEBUG:root:pro:13*11=143
DEBUG:root:div:13/11=1.1818181818181819
DEBUG:root:Add:13+11=24
DEBUG:root:sub:13-11=2
DEBUG:root:pro:13*11=143
DEBUG:root:div:13/11=1.1818181818181819
DEBUG:root:['shubham', 'vijay']
DEBUG:root:['11', '12']
DEBUG:root:['shubham']
DEBUG:root:['11']
DEBUG:root:This is service is not available
DEBUG:root:This is service is not available
DEBUG:root:[]
DEBUG:root:[]
DEBUG:root:['shubh']
DEBUG:root:['11']
